<?xml version="1.0" encoding="UTF-8"?>
<testsuite name="com.ssafy.TownBook.TownBookApplicationTests" tests="1" skipped="0" failures="0" errors="0" timestamp="2023-01-17T00:57:05" hostname="DESKTOP-DOGVPUB" time="0.102">
  <properties/>
  <testcase name="contextLoads()" classname="com.ssafy.TownBook.TownBookApplicationTests" time="0.102"/>
  <system-out><![CDATA[09:57:00.853 [Test worker] DEBUG org.springframework.test.context.BootstrapUtils - Instantiating CacheAwareContextLoaderDelegate from class [org.springframework.test.context.cache.DefaultCacheAwareContextLoaderDelegate]
09:57:00.864 [Test worker] DEBUG org.springframework.test.context.BootstrapUtils - Instantiating BootstrapContext using constructor [public org.springframework.test.context.support.DefaultBootstrapContext(java.lang.Class,org.springframework.test.context.CacheAwareContextLoaderDelegate)]
09:57:00.903 [Test worker] DEBUG org.springframework.test.context.BootstrapUtils - Instantiating TestContextBootstrapper for test class [com.ssafy.TownBook.TownBookApplicationTests] from class [org.springframework.boot.test.context.SpringBootTestContextBootstrapper]
09:57:00.913 [Test worker] INFO org.springframework.boot.test.context.SpringBootTestContextBootstrapper - Neither @ContextConfiguration nor @ContextHierarchy found for test class [com.ssafy.TownBook.TownBookApplicationTests], using SpringBootContextLoader
09:57:00.918 [Test worker] DEBUG org.springframework.test.context.support.AbstractContextLoader - Did not detect default resource location for test class [com.ssafy.TownBook.TownBookApplicationTests]: class path resource [com/ssafy/TownBook/TownBookApplicationTests-context.xml] does not exist
09:57:00.918 [Test worker] DEBUG org.springframework.test.context.support.AbstractContextLoader - Did not detect default resource location for test class [com.ssafy.TownBook.TownBookApplicationTests]: class path resource [com/ssafy/TownBook/TownBookApplicationTestsContext.groovy] does not exist
09:57:00.919 [Test worker] INFO org.springframework.test.context.support.AbstractContextLoader - Could not detect default resource locations for test class [com.ssafy.TownBook.TownBookApplicationTests]: no resource found for suffixes {-context.xml, Context.groovy}.
09:57:00.919 [Test worker] INFO org.springframework.test.context.support.AnnotationConfigContextLoaderUtils - Could not detect default configuration classes for test class [com.ssafy.TownBook.TownBookApplicationTests]: TownBookApplicationTests does not declare any static, non-private, non-final, nested classes annotated with @Configuration.
09:57:00.959 [Test worker] DEBUG org.springframework.test.context.support.ActiveProfilesUtils - Could not find an 'annotation declaring class' for annotation type [org.springframework.test.context.ActiveProfiles] and class [com.ssafy.TownBook.TownBookApplicationTests]
09:57:01.015 [Test worker] DEBUG org.springframework.context.annotation.ClassPathScanningCandidateComponentProvider - Identified candidate component class: file [C:\Users\SSAFY\Desktop\GitLab\S08P12B201\server\TownBook\build\classes\java\main\com\ssafy\TownBook\TownBookApplication.class]
09:57:01.017 [Test worker] INFO org.springframework.boot.test.context.SpringBootTestContextBootstrapper - Found @SpringBootConfiguration com.ssafy.TownBook.TownBookApplication for test class com.ssafy.TownBook.TownBookApplicationTests
09:57:01.116 [Test worker] DEBUG org.springframework.boot.test.context.SpringBootTestContextBootstrapper - @TestExecutionListeners is not present for class [com.ssafy.TownBook.TownBookApplicationTests]: using defaults.
09:57:01.117 [Test worker] INFO org.springframework.boot.test.context.SpringBootTestContextBootstrapper - Loaded default TestExecutionListener class names from location [META-INF/spring.factories]: [org.springframework.security.test.context.support.WithSecurityContextTestExecutionListener, org.springframework.security.test.context.support.ReactorContextTestExecutionListener, org.springframework.boot.test.autoconfigure.restdocs.RestDocsTestExecutionListener, org.springframework.boot.test.autoconfigure.web.client.MockRestServiceServerResetTestExecutionListener, org.springframework.boot.test.autoconfigure.web.servlet.MockMvcPrintOnlyOnFailureTestExecutionListener, org.springframework.boot.test.autoconfigure.web.servlet.WebDriverTestExecutionListener, org.springframework.boot.test.autoconfigure.webservices.client.MockWebServiceServerTestExecutionListener, org.springframework.boot.test.mock.mockito.MockitoTestExecutionListener, org.springframework.boot.test.mock.mockito.ResetMocksTestExecutionListener, org.springframework.test.context.web.ServletTestExecutionListener, org.springframework.test.context.support.DirtiesContextBeforeModesTestExecutionListener, org.springframework.test.context.event.ApplicationEventsTestExecutionListener, org.springframework.test.context.support.DependencyInjectionTestExecutionListener, org.springframework.test.context.support.DirtiesContextTestExecutionListener, org.springframework.test.context.transaction.TransactionalTestExecutionListener, org.springframework.test.context.jdbc.SqlScriptsTestExecutionListener, org.springframework.test.context.event.EventPublishingTestExecutionListener]
09:57:01.135 [Test worker] INFO org.springframework.boot.test.context.SpringBootTestContextBootstrapper - Using TestExecutionListeners: [org.springframework.test.context.web.ServletTestExecutionListener@4b770e40, org.springframework.test.context.support.DirtiesContextBeforeModesTestExecutionListener@78e16155, org.springframework.test.context.event.ApplicationEventsTestExecutionListener@54a3ab8f, org.springframework.boot.test.mock.mockito.MockitoTestExecutionListener@1968a49c, org.springframework.boot.test.autoconfigure.SpringBootDependencyInjectionTestExecutionListener@6a1ebcff, org.springframework.test.context.support.DirtiesContextTestExecutionListener@19868320, org.springframework.test.context.transaction.TransactionalTestExecutionListener@50b0bc4c, org.springframework.test.context.jdbc.SqlScriptsTestExecutionListener@c20be82, org.springframework.security.test.context.support.WithSecurityContextTestExecutionListener@13c612bd, org.springframework.test.context.event.EventPublishingTestExecutionListener@3ef41c66, org.springframework.security.test.context.support.ReactorContextTestExecutionListener@6b739528, org.springframework.boot.test.autoconfigure.restdocs.RestDocsTestExecutionListener@622ef26a, org.springframework.boot.test.autoconfigure.web.client.MockRestServiceServerResetTestExecutionListener@41de5768, org.springframework.boot.test.autoconfigure.web.servlet.MockMvcPrintOnlyOnFailureTestExecutionListener@5f577419, org.springframework.boot.test.autoconfigure.web.servlet.WebDriverTestExecutionListener@28fa700e, org.springframework.boot.test.autoconfigure.webservices.client.MockWebServiceServerTestExecutionListener@3d526ad9, org.springframework.boot.test.mock.mockito.ResetMocksTestExecutionListener@e041f0c]
09:57:01.139 [Test worker] DEBUG org.springframework.test.context.support.AbstractDirtiesContextTestExecutionListener - Before test class: context [DefaultTestContext@1e287667 testClass = TownBookApplicationTests, testInstance = [null], testMethod = [null], testException = [null], mergedContextConfiguration = [WebMergedContextConfiguration@2e6ee0bc testClass = TownBookApplicationTests, locations = '{}', classes = '{class com.ssafy.TownBook.TownBookApplication}', contextInitializerClasses = '[]', activeProfiles = '{}', propertySourceLocations = '{}', propertySourceProperties = '{org.springframework.boot.test.context.SpringBootTestContextBootstrapper=true}', contextCustomizers = set[org.springframework.boot.test.autoconfigure.actuate.metrics.MetricsExportContextCustomizerFactory$DisableMetricExportContextCustomizer@5c3b6c6e, org.springframework.boot.test.autoconfigure.properties.PropertyMappingContextCustomizer@0, org.springframework.boot.test.autoconfigure.web.servlet.WebDriverContextCustomizerFactory$Customizer@79da1ec0, org.springframework.boot.test.context.filter.ExcludeFilterContextCustomizer@27953a83, org.springframework.boot.test.json.DuplicateJsonObjectContextCustomizerFactory$DuplicateJsonObjectContextCustomizer@666b83a4, org.springframework.boot.test.mock.mockito.MockitoContextCustomizer@0, org.springframework.boot.test.web.client.TestRestTemplateContextCustomizer@2ece4966, org.springframework.boot.test.context.SpringBootTestArgs@1, org.springframework.boot.test.context.SpringBootTestWebEnvironment@3e44f2a5], resourceBasePath = 'src/main/webapp', contextLoader = 'org.springframework.boot.test.context.SpringBootContextLoader', parent = [null]], attributes = map['org.springframework.test.context.web.ServletTestExecutionListener.activateListener' -> true]], class annotated with @DirtiesContext [false] with mode [null].

  .   ____          _            __ _ _
 /\\ / ___'_ __ _ _(_)_ __  __ _ \ \ \ \
( ( )\___ | '_ | '_| | '_ \/ _` | \ \ \ \
 \\/  ___)| |_)| | | | | || (_| |  ) ) ) )
  '  |____| .__|_| |_|_| |_\__, | / / / /
 =========|_|==============|___/=/_/_/_/
 :: Spring Boot ::                (v2.7.7)

2023-01-17 09:57:01.494  INFO 20400 --- [    Test worker] c.s.TownBook.TownBookApplicationTests    : Starting TownBookApplicationTests using Java 11.0.17 on DESKTOP-DOGVPUB with PID 20400 (started by SSAFY in C:\Users\SSAFY\Desktop\GitLab\S08P12B201\server\TownBook)
2023-01-17 09:57:01.495  INFO 20400 --- [    Test worker] c.s.TownBook.TownBookApplicationTests    : No active profile set, falling back to 1 default profile: "default"
2023-01-17 09:57:02.103  INFO 20400 --- [    Test worker] .s.d.r.c.RepositoryConfigurationDelegate : Bootstrapping Spring Data JPA repositories in DEFAULT mode.
2023-01-17 09:57:02.118  INFO 20400 --- [    Test worker] .s.d.r.c.RepositoryConfigurationDelegate : Finished Spring Data repository scanning in 6 ms. Found 0 JPA repository interfaces.
2023-01-17 09:57:02.711  INFO 20400 --- [    Test worker] o.hibernate.jpa.internal.util.LogHelper  : HHH000204: Processing PersistenceUnitInfo [name: default]
2023-01-17 09:57:02.776  INFO 20400 --- [    Test worker] org.hibernate.Version                    : HHH000412: Hibernate ORM core version 5.6.14.Final
2023-01-17 09:57:02.965  INFO 20400 --- [    Test worker] o.hibernate.annotations.common.Version   : HCANN000001: Hibernate Commons Annotations {5.1.2.Final}
2023-01-17 09:57:03.084  INFO 20400 --- [    Test worker] com.zaxxer.hikari.HikariDataSource       : HikariPool-1 - Starting...
2023-01-17 09:57:03.245  INFO 20400 --- [    Test worker] com.zaxxer.hikari.HikariDataSource       : HikariPool-1 - Start completed.
2023-01-17 09:57:03.276  INFO 20400 --- [    Test worker] org.hibernate.dialect.Dialect            : HHH000400: Using dialect: org.hibernate.dialect.MySQL8Dialect
Hibernate: 
    
    alter table board 
       drop 
       foreign key FK4sie23q68ghb1dehg6dw0vs6c
Hibernate: 
    
    drop table if exists account
Hibernate: 
    
    drop table if exists board
Hibernate: 
    
    create table account (
       no bigint not null,
        address varchar(255) not null,
        birthday varchar(255) not null,
        book_cnt integer default 0,
        email varchar(255) not null,
        id varchar(255) not null,
        name varchar(255) not null,
        nickname varchar(255) not null,
        phone_number varchar(255) not null,
        point integer default 0,
        pw varchar(255) not null,
        type integer not null,
        primary key (no)
    ) engine=InnoDB
Hibernate: 
    
    create table board (
       no bigint not null,
        category varchar(255) not null,
        text longtext not null,
        title varchar(255) not null,
        views Integer default 0,
        write_date datetime(6),
        account_no bigint,
        primary key (no)
    ) engine=InnoDB
Hibernate: 
    
    alter table board 
       add constraint FK4sie23q68ghb1dehg6dw0vs6c 
       foreign key (account_no) 
       references account (no)
2023-01-17 09:57:04.026  INFO 20400 --- [    Test worker] o.h.e.t.j.p.i.JtaPlatformInitiator       : HHH000490: Using JtaPlatform implementation: [org.hibernate.engine.transaction.jta.platform.internal.NoJtaPlatform]
2023-01-17 09:57:04.036  INFO 20400 --- [    Test worker] j.LocalContainerEntityManagerFactoryBean : Initialized JPA EntityManagerFactory for persistence unit 'default'
2023-01-17 09:57:04.263  WARN 20400 --- [    Test worker] JpaBaseConfiguration$JpaWebConfiguration : spring.jpa.open-in-view is enabled by default. Therefore, database queries may be performed during view rendering. Explicitly configure spring.jpa.open-in-view to disable this warning
2023-01-17 09:57:04.777  WARN 20400 --- [    Test worker] ion$DefaultTemplateResolverConfiguration : Cannot find template location: classpath:/templates/ (please add some templates, check your Thymeleaf configuration, or set spring.thymeleaf.check-template-location=false)
2023-01-17 09:57:05.012  WARN 20400 --- [    Test worker] .s.s.UserDetailsServiceAutoConfiguration : 

Using generated security password: c5ef87e2-8d70-414d-98e8-a12ee70601d4

This generated password is for development use only. Your security configuration must be updated before running your application in production.

2023-01-17 09:57:05.270  INFO 20400 --- [    Test worker] o.s.s.web.DefaultSecurityFilterChain     : Will secure any request with [org.springframework.security.web.session.DisableEncodeUrlFilter@3b72860c, org.springframework.security.web.context.request.async.WebAsyncManagerIntegrationFilter@7f1b2f07, org.springframework.security.web.context.SecurityContextPersistenceFilter@48d14ea0, org.springframework.security.web.header.HeaderWriterFilter@5f1a3c4, org.springframework.security.web.csrf.CsrfFilter@55cf5626, org.springframework.security.web.authentication.logout.LogoutFilter@49c555c3, org.springframework.security.web.authentication.UsernamePasswordAuthenticationFilter@2ddb6c71, org.springframework.security.web.authentication.ui.DefaultLoginPageGeneratingFilter@304704ae, org.springframework.security.web.authentication.ui.DefaultLogoutPageGeneratingFilter@674d2b8b, org.springframework.security.web.authentication.www.BasicAuthenticationFilter@51b2b3e6, org.springframework.security.web.savedrequest.RequestCacheAwareFilter@54c17a2b, org.springframework.security.web.servletapi.SecurityContextHolderAwareRequestFilter@16279a5d, org.springframework.security.web.authentication.AnonymousAuthenticationFilter@399a5a52, org.springframework.security.web.session.SessionManagementFilter@5b3c2a9f, org.springframework.security.web.access.ExceptionTranslationFilter@1a99744a, org.springframework.security.web.access.intercept.FilterSecurityInterceptor@21fa19e4]
2023-01-17 09:57:05.361  INFO 20400 --- [    Test worker] c.s.TownBook.TownBookApplicationTests    : Started TownBookApplicationTests in 4.187 seconds (JVM running for 5.834)
]]></system-out>
  <system-err><![CDATA[]]></system-err>
</testsuite>
